20200531 175007 INFO transformers.file_utils : PyTorch version 1.3.1 available.
20200531 175224 INFO transformers.file_utils : PyTorch version 1.3.1 available.
20200531 175321 INFO transformers.file_utils : PyTorch version 1.3.1 available.
20200531 175343 INFO transformers.file_utils : PyTorch version 1.3.1 available.
20200531 175625 INFO transformers.file_utils : PyTorch version 1.3.1 available.
20200531 175626 INFO root : params: {'use_pytorch': False, 'trial': False, 'probing_task': 'simple', 'dataset': 'semeval', 'reset_data': 0, 'swap_cause_effect': False, 'reencode_data': 0, 'seed': 555, 'pretrained': {'model': 'ALL', 'model_type': 'base', 'cased': False}, 'cv': 5}
20200531 175646 INFO transformers.file_utils : PyTorch version 1.3.1 available.
20200531 175647 INFO root : params: {'use_pytorch': False, 'trial': False, 'probing_task': 'simple', 'dataset': 'semeval', 'reset_data': 1, 'swap_cause_effect': False, 'reencode_data': 1, 'seed': 555, 'pretrained': {'model': 'ALL', 'model_type': 'base', 'cased': False}, 'cv': 5}
20200531 175647 INFO root : preprocessing data...
20200531 175647 INFO root : processed len X: 10717, causal: 1331
20200531 175741 INFO transformers.file_utils : PyTorch version 1.3.1 available.
20200531 175742 INFO root : params: {'use_pytorch': False, 'trial': False, 'probing_task': 'simple', 'dataset': 'semeval', 'reset_data': 1, 'swap_cause_effect': False, 'reencode_data': 1, 'seed': 555, 'pretrained': {'model': 'ALL', 'model_type': 'base', 'cased': False}, 'cv': 5}
20200531 175742 INFO root : preprocessing data...
20200531 175742 INFO root : processed len X: 10717, causal: 1331
20200531 175742 INFO root : data/causal_probing/SemEval_2010_8/processed/simple_semeval_555_2005311757.csv saved
20200531 175742 INFO root : data/causal_probing/SemEval_2010_8/processed/simple_semeval_555_2005311757.csv loaded
20200531 175742 INFO root : Loaded (10717, 2)
20200531 175742 INFO root : preparing encoder bert...
20200531 175747 INFO root : prepared encoder bert
20200531 175747 INFO root : encoding data by bert...
20200531 180102 INFO transformers.file_utils : PyTorch version 1.3.1 available.
20200531 180102 INFO root : params: {'trial': False, 'probing_task': 'mask', 'dataset': 'semeval', 'reset_data': 0, 'seed': 555, 'pretrained': {'model': 'bert', 'model_type': 'base', 'cased': False}, 'mask': 'cause'}
20200531 180130 INFO transformers.file_utils : PyTorch version 1.3.1 available.
20200531 180133 INFO root : params: {'trial': False, 'probing_task': 'mask', 'dataset': 'semeval', 'reset_data': 1, 'seed': 555, 'pretrained': {'model': 'bert', 'model_type': 'base', 'cased': False}, 'mask': 'cause'}
20200531 180217 INFO root : preprocessing data...
20200531 180217 INFO root : processed len X: 10717, causal: 1331
20200531 180217 INFO root : data wrote
20200531 180217 INFO root : Loaded 10717
20200531 180218 INFO root : predicting...
20200531 181946 INFO transformers.file_utils : PyTorch version 1.3.1 available.
20200531 182009 INFO transformers.file_utils : PyTorch version 1.3.1 available.
20200531 182010 INFO root : params: {'trial': False, 'probing_task': 'mask', 'dataset': 'semeval', 'reset_data': 0, 'seed': 555, 'pretrained': {'model': 'bert', 'model_type': 'base', 'cased': False}, 'mask': 'cause'}
20200531 182010 INFO root : config_filename: mask_semeval_cause_555
20200531 182119 INFO transformers.file_utils : PyTorch version 1.3.1 available.
20200531 182120 INFO root : params: {'trial': False, 'probing_task': 'mask', 'dataset': 'semeval', 'reset_data': 1, 'seed': 555, 'pretrained': {'model': 'bert', 'model_type': 'base', 'cased': False}, 'mask': 'cause'}
20200531 182120 INFO root : config_filename: mask_semeval_cause_555
20200531 182120 INFO root : preprocessing data...
20200531 182120 INFO root : processed len X: 10717, causal: 1331
20200531 182120 INFO root : data wrote
20200531 182120 INFO root : Loaded 10717
20200531 182121 INFO root : predicting...
20200531 182121 INFO transformers.tokenization_utils : loading file https://s3.amazonaws.com/models.huggingface.co/bert/bert-base-uncased-vocab.txt from cache at C:\Users\tll54\.cache\torch\transformers\26bc1ad6c0ac742e9b52263248f6d0f00068293b33709fae12320c0e35ccfbbb.542ce4285a40d23a559526243235df47c5f75c197f04f37d1a0c124c32c9a084
20200531 182121 INFO transformers.configuration_utils : loading configuration file https://s3.amazonaws.com/models.huggingface.co/bert/bert-base-uncased-config.json from cache at C:\Users\tll54\.cache\torch\transformers\4dad0251492946e18ac39290fcfe91b89d370fee250efe9521476438fe8ca185.7156163d5fdc189c3016baca0775ffce230789d7fa2a42ef516483e4ca884517
20200531 182121 INFO transformers.configuration_utils : Model config {
  "architectures": [
    "BertForMaskedLM"
  ],
  "attention_probs_dropout_prob": 0.1,
  "finetuning_task": null,
  "hidden_act": "gelu",
  "hidden_dropout_prob": 0.1,
  "hidden_size": 768,
  "id2label": {
    "0": "LABEL_0",
    "1": "LABEL_1"
  },
  "initializer_range": 0.02,
  "intermediate_size": 3072,
  "is_decoder": false,
  "label2id": {
    "LABEL_0": 0,
    "LABEL_1": 1
  },
  "layer_norm_eps": 1e-12,
  "max_position_embeddings": 512,
  "model_type": "bert",
  "num_attention_heads": 12,
  "num_hidden_layers": 12,
  "num_labels": 2,
  "output_attentions": false,
  "output_hidden_states": false,
  "output_past": true,
  "pad_token_id": 0,
  "pruned_heads": {},
  "torchscript": false,
  "type_vocab_size": 2,
  "use_bfloat16": false,
  "vocab_size": 30522
}

20200531 182121 INFO transformers.modeling_utils : loading weights file https://s3.amazonaws.com/models.huggingface.co/bert/bert-base-uncased-pytorch_model.bin from cache at C:\Users\tll54\.cache\torch\transformers\aa1ef1aede4482d0dbcd4d52baad8ae300e60902e88fcb0bebdec09afd232066.36ca03ab34a1a5d5fa7bc3d03d55c4fa650fed07220e2eeebc06ce58d0e9a157
20200531 182127 INFO transformers.modeling_utils : Weights from pretrained model not used in BertForMaskedLM: ['cls.seq_relationship.weight', 'cls.seq_relationship.bias']
20200531 182205 INFO transformers.file_utils : PyTorch version 1.3.1 available.
20200531 182206 INFO root : params: {'use_pytorch': False, 'trial': False, 'probing_task': 'simple', 'dataset': 'semeval', 'reset_data': 1, 'swap_cause_effect': False, 'reencode_data': 1, 'subset_data': 'all', 'seed': 555, 'pretrained': {'model': 'ALL', 'model_type': 'base', 'cased': False}, 'cv': 5}
20200531 182206 INFO root : config_filename: simple_semeval_555
20200531 182206 INFO root : preprocessing data...
20200531 182206 INFO root : processed len X: 10717, causal: 1331
20200531 182206 INFO root : data/causal_probing/SemEval_2010_8/processed/simple_semeval_555_2005311822.csv saved
20200531 182206 INFO root : data/causal_probing/SemEval_2010_8/processed/simple_semeval_555_2005311822.csv loaded
20200531 182206 INFO root : Loaded (10717, 2)
20200531 182206 INFO root : preparing encoder bert...
20200531 182210 INFO root : prepared encoder bert
20200531 182210 INFO root : encoding data by bert...
20200531 182236 INFO transformers.file_utils : PyTorch version 1.3.1 available.
20200531 182237 INFO root : params: {'use_pytorch': False, 'trial': False, 'probing_task': 'feature', 'dataset': 'semeval', 'reset_data': 1, 'reencode_data': 1, 'label_data': 'oanc', 'subset_data': 'all', 'seed': 555, 'pretrained': {'model': 'bert', 'model_type': 'base', 'cased': False}, 'cv': 5, 'num_classes': 5, 'num_classes_by': 'quantile'}
20200531 182237 INFO root : config_filename: feature_semeval_555_all
20200531 182237 INFO root : preprocessing data...
20200531 182237 INFO root : processed len X: 10717, causal: 1331
20200531 182237 INFO root : calculating features...
20200531 182651 INFO transformers.file_utils : PyTorch version 1.3.1 available.
20200531 182652 INFO root : params: {'use_pytorch': False, 'trial': False, 'probing_task': 'feature', 'dataset': 'semeval', 'reset_data': 1, 'reencode_data': 1, 'label_data': 'oanc', 'subset_data': 'all', 'seed': 555, 'pretrained': {'model': 'bert', 'model_type': 'base', 'cased': False}, 'cv': 5, 'num_classes': 5, 'num_classes_by': 'quantile'}
20200531 182652 INFO root : config_filename: feature_semeval_555_all
20200531 182652 INFO root : preprocessing data...
20200531 182652 INFO root : processed len X: 10717, causal: 1331
20200531 182652 INFO root : calculating features...
20200531 182905 INFO root : features calculated for 10717 sentences
20200531 182905 INFO root : calculating features using OANC...
20200531 182906 INFO root : there are 6424 txt written files
20200531 183022 INFO transformers.file_utils : PyTorch version 1.3.1 available.
20200531 183022 INFO root : params: {'use_pytorch': True, 'trial': False, 'probing_task': 'simple', 'dataset': 'semeval', 'reset_data': 1, 'swap_cause_effect': False, 'reencode_data': 1, 'subset_data': 'downsampling', 'seed': 555, 'pretrained': {'model': 'ALL', 'model_type': 'base', 'cased': False}, 'cv': 5}
20200531 183022 INFO root : config_filename: simple_semeval_555
20200531 183022 INFO root : preprocessing data...
20200531 183023 INFO root : processed len X: 10717, causal: 1331
20200531 183023 INFO root : data/causal_probing/SemEval_2010_8/processed/simple_semeval_555_2005311830.csv saved
20200531 183023 INFO root : data/causal_probing/SemEval_2010_8/processed/simple_semeval_555_2005311830.csv loaded
20200531 183023 INFO root : Loaded (10717, 2)
20200531 183023 INFO root : downsmpling donw
20200531 183023 INFO root : preparing encoder bert...
20200531 183026 INFO root : prepared encoder bert
20200531 183026 INFO root : encoding data by bert...
20200531 183041 INFO transformers.file_utils : PyTorch version 1.3.1 available.
20200531 183042 INFO root : params: {'trial': False, 'probing_task': 'mask', 'dataset': 'semeval', 'reset_data': 1, 'seed': 555, 'pretrained': {'model': 'bert', 'model_type': 'base', 'cased': False}, 'mask': 'cause'}
20200531 183042 INFO root : config_filename: mask_semeval_cause_555
20200531 183042 INFO root : preprocessing data...
20200531 183042 INFO root : processed len X: 10717, causal: 1331
20200531 183042 INFO root : data wrote
20200531 183042 INFO root : Loaded 10717
20200531 183043 INFO root : predicting...
20200531 183043 INFO transformers.tokenization_utils : loading file https://s3.amazonaws.com/models.huggingface.co/bert/bert-base-uncased-vocab.txt from cache at C:\Users\tll54\.cache\torch\transformers\26bc1ad6c0ac742e9b52263248f6d0f00068293b33709fae12320c0e35ccfbbb.542ce4285a40d23a559526243235df47c5f75c197f04f37d1a0c124c32c9a084
20200531 183043 INFO transformers.configuration_utils : loading configuration file https://s3.amazonaws.com/models.huggingface.co/bert/bert-base-uncased-config.json from cache at C:\Users\tll54\.cache\torch\transformers\4dad0251492946e18ac39290fcfe91b89d370fee250efe9521476438fe8ca185.7156163d5fdc189c3016baca0775ffce230789d7fa2a42ef516483e4ca884517
20200531 183043 INFO transformers.configuration_utils : Model config {
  "architectures": [
    "BertForMaskedLM"
  ],
  "attention_probs_dropout_prob": 0.1,
  "finetuning_task": null,
  "hidden_act": "gelu",
  "hidden_dropout_prob": 0.1,
  "hidden_size": 768,
  "id2label": {
    "0": "LABEL_0",
    "1": "LABEL_1"
  },
  "initializer_range": 0.02,
  "intermediate_size": 3072,
  "is_decoder": false,
  "label2id": {
    "LABEL_0": 0,
    "LABEL_1": 1
  },
  "layer_norm_eps": 1e-12,
  "max_position_embeddings": 512,
  "model_type": "bert",
  "num_attention_heads": 12,
  "num_hidden_layers": 12,
  "num_labels": 2,
  "output_attentions": false,
  "output_hidden_states": false,
  "output_past": true,
  "pad_token_id": 0,
  "pruned_heads": {},
  "torchscript": false,
  "type_vocab_size": 2,
  "use_bfloat16": false,
  "vocab_size": 30522
}

20200531 183043 INFO transformers.modeling_utils : loading weights file https://s3.amazonaws.com/models.huggingface.co/bert/bert-base-uncased-pytorch_model.bin from cache at C:\Users\tll54\.cache\torch\transformers\aa1ef1aede4482d0dbcd4d52baad8ae300e60902e88fcb0bebdec09afd232066.36ca03ab34a1a5d5fa7bc3d03d55c4fa650fed07220e2eeebc06ce58d0e9a157
20200531 183048 INFO transformers.modeling_utils : Weights from pretrained model not used in BertForMaskedLM: ['cls.seq_relationship.weight', 'cls.seq_relationship.bias']
20200531 183118 INFO transformers.file_utils : PyTorch version 1.3.1 available.
20200531 183119 INFO root : params: {'use_pytorch': True, 'trial': False, 'probing_task': 'feature', 'dataset': 'semeval', 'reset_data': 1, 'reencode_data': 1, 'label_data': 'oanc', 'subset_data': 'all', 'seed': 555, 'pretrained': {'model': 'bert', 'model_type': 'base', 'cased': False}, 'cv': 5, 'num_classes': 5, 'num_classes_by': 'quantile'}
20200531 183119 INFO root : config_filename: feature_semeval_555_all
20200531 183119 INFO root : preprocessing data...
20200531 183119 INFO root : processed len X: 10717, causal: 1331
20200531 183119 INFO root : calculating features...
20200531 183317 INFO root : features calculated for 10717 sentences
20200531 183317 INFO root : calculating features using OANC...
20200531 183318 INFO root : there are 6424 txt written files
